<?xml version="1.0" encoding="utf-8"?><testsuites name="pytest tests"><testsuite name="pytest" errors="0" failures="0" skipped="0" tests="14" time="11.228" timestamp="2026-05-15T09:36:47.750916+00:00" hostname="agent-env-1e9103d7-4607-4eb2-9c18-5fbbac470bab"><testcase classname="backend.tests.test_api" name="test_health_root" time="0.311" /><testcase classname="backend.tests.test_api" name="test_weather_endpoint" time="0.337" /><testcase classname="backend.tests.test_api" name="test_weather_cache" time="0.195" /><testcase classname="backend.tests.test_api" name="test_list_rooms" time="0.086" /><testcase classname="backend.tests.test_api" name="test_get_room_by_id" time="0.120" /><testcase classname="backend.tests.test_api" name="test_get_room_not_found" time="0.074" /><testcase classname="backend.tests.test_api" name="test_list_reviews" time="0.114" /><testcase classname="backend.tests.test_api" name="test_create_lead_and_persist" time="0.216" /><testcase classname="backend.tests.test_api" name="test_create_lead_minimal" time="0.083" /><testcase classname="backend.tests.test_api" name="test_create_lead_validation" time="0.137" /><testcase classname="backend.tests.test_api" name="test_chat_first_turn" time="3.711" /><testcase classname="backend.tests.test_api" name="test_chat_second_turn_continuity" time="4.558" /><testcase classname="backend.tests.test_api" name="test_chat_history" time="1.119" /><testcase classname="backend.tests.test_api" name="test_chat_empty_history" time="0.089" /></testsuite></testsuites>